<?xml version="1.0" encoding="UTF-8"?>
<testsuites>
  <testsuite name="" tests="73" assertions="160" errors="0" warnings="0" failures="0" skipped="0" time="0.082808">
    <testsuite name="Project Test Suite" tests="73" assertions="160" errors="0" warnings="0" failures="0" skipped="0" time="0.082808">
      <testsuite name="App\Tests\Card\CardGraphicTest" file="C:\Users\Karl\Dropbox\Skoluppgifter\Universitet\2025\Webbteknologier\mvc\report\tests\Card\CardGraphicTest.php" tests="4" assertions="14" errors="0" warnings="0" failures="0" skipped="0" time="0.015805">
        <testcase name="testGetAsStringReturnsCorrectUnicodeSymbol" class="App\Tests\Card\CardGraphicTest" classname="App.Tests.Card.CardGraphicTest" file="C:\Users\Karl\Dropbox\Skoluppgifter\Universitet\2025\Webbteknologier\mvc\report\tests\Card\CardGraphicTest.php" line="13" assertions="4" time="0.013540"/>
        <testcase name="testGetAsStringHandlesInvalidCardGracefully" class="App\Tests\Card\CardGraphicTest" classname="App.Tests.Card.CardGraphicTest" file="C:\Users\Karl\Dropbox\Skoluppgifter\Universitet\2025\Webbteknologier\mvc\report\tests\Card\CardGraphicTest.php" line="28" assertions="2" time="0.000527"/>
        <testcase name="testGetColorReturnsCorrectColor" class="App\Tests\Card\CardGraphicTest" classname="App.Tests.Card.CardGraphicTest" file="C:\Users\Karl\Dropbox\Skoluppgifter\Universitet\2025\Webbteknologier\mvc\report\tests\Card\CardGraphicTest.php" line="37" assertions="4" time="0.000459"/>
        <testcase name="testJsonSerializeReturnsExpectedStructure" class="App\Tests\Card\CardGraphicTest" classname="App.Tests.Card.CardGraphicTest" file="C:\Users\Karl\Dropbox\Skoluppgifter\Universitet\2025\Webbteknologier\mvc\report\tests\Card\CardGraphicTest.php" line="45" assertions="4" time="0.001278"/>
      </testsuite>
      <testsuite name="App\Tests\Card\CardTest" file="C:\Users\Karl\Dropbox\Skoluppgifter\Universitet\2025\Webbteknologier\mvc\report\tests\Card\CardTest.php" tests="4" assertions="4" errors="0" warnings="0" failures="0" skipped="0" time="0.002371">
        <testcase name="testCreateCard" class="App\Tests\Card\CardTest" classname="App.Tests.Card.CardTest" file="C:\Users\Karl\Dropbox\Skoluppgifter\Universitet\2025\Webbteknologier\mvc\report\tests\Card\CardTest.php" line="13" assertions="1" time="0.001124"/>
        <testcase name="testGetSuit" class="App\Tests\Card\CardTest" classname="App.Tests.Card.CardTest" file="C:\Users\Karl\Dropbox\Skoluppgifter\Universitet\2025\Webbteknologier\mvc\report\tests\Card\CardTest.php" line="19" assertions="1" time="0.000391"/>
        <testcase name="testGetValue" class="App\Tests\Card\CardTest" classname="App.Tests.Card.CardTest" file="C:\Users\Karl\Dropbox\Skoluppgifter\Universitet\2025\Webbteknologier\mvc\report\tests\Card\CardTest.php" line="25" assertions="1" time="0.000386"/>
        <testcase name="testGetAsString" class="App\Tests\Card\CardTest" classname="App.Tests.Card.CardTest" file="C:\Users\Karl\Dropbox\Skoluppgifter\Universitet\2025\Webbteknologier\mvc\report\tests\Card\CardTest.php" line="31" assertions="1" time="0.000471"/>
      </testsuite>
      <testsuite name="App\Tests\Card\ComputerPlayerTest" file="C:\Users\Karl\Dropbox\Skoluppgifter\Universitet\2025\Webbteknologier\mvc\report\tests\Card\ComputerPlayerTest.php" tests="1" assertions="4" errors="0" warnings="0" failures="0" skipped="0" time="0.006843">
        <testcase name="testMakeMove" class="App\Tests\Card\ComputerPlayerTest" classname="App.Tests.Card.ComputerPlayerTest" file="C:\Users\Karl\Dropbox\Skoluppgifter\Universitet\2025\Webbteknologier\mvc\report\tests\Card\ComputerPlayerTest.php" line="15" assertions="4" time="0.006843"/>
      </testsuite>
      <testsuite name="App\Tests\Card\DeckTest" file="C:\Users\Karl\Dropbox\Skoluppgifter\Universitet\2025\Webbteknologier\mvc\report\tests\Card\DeckTest.php" tests="9" assertions="42" errors="0" warnings="0" failures="0" skipped="0" time="0.008198">
        <testcase name="testDefaultDeckHas52Cards" class="App\Tests\Card\DeckTest" classname="App.Tests.Card.DeckTest" file="C:\Users\Karl\Dropbox\Skoluppgifter\Universitet\2025\Webbteknologier\mvc\report\tests\Card\DeckTest.php" line="15" assertions="2" time="0.000642"/>
        <testcase name="testGraphicDeckHasCardGraphicObjects" class="App\Tests\Card\DeckTest" classname="App.Tests.Card.DeckTest" file="C:\Users\Karl\Dropbox\Skoluppgifter\Universitet\2025\Webbteknologier\mvc\report\tests\Card\DeckTest.php" line="24" assertions="2" time="0.000722"/>
        <testcase name="testPreloadedDeckUsesExactCards" class="App\Tests\Card\DeckTest" classname="App.Tests.Card.DeckTest" file="C:\Users\Karl\Dropbox\Skoluppgifter\Universitet\2025\Webbteknologier\mvc\report\tests\Card\DeckTest.php" line="33" assertions="5" time="0.000471"/>
        <testcase name="testGetCardsBySuitReturnsOnlyThatSuit" class="App\Tests\Card\DeckTest" classname="App.Tests.Card.DeckTest" file="C:\Users\Karl\Dropbox\Skoluppgifter\Universitet\2025\Webbteknologier\mvc\report\tests\Card\DeckTest.php" line="50" assertions="14" time="0.000822"/>
        <testcase name="testSortedCardsBySuitAreSortedByValue" class="App\Tests\Card\DeckTest" classname="App.Tests.Card.DeckTest" file="C:\Users\Karl\Dropbox\Skoluppgifter\Universitet\2025\Webbteknologier\mvc\report\tests\Card\DeckTest.php" line="62" assertions="14" time="0.000869"/>
        <testcase name="testShuffleChangesOrder" class="App\Tests\Card\DeckTest" classname="App.Tests.Card.DeckTest" file="C:\Users\Karl\Dropbox\Skoluppgifter\Universitet\2025\Webbteknologier\mvc\report\tests\Card\DeckTest.php" line="74" assertions="1" time="0.001406"/>
        <testcase name="testDrawRemovesOneCard" class="App\Tests\Card\DeckTest" classname="App.Tests.Card.DeckTest" file="C:\Users\Karl\Dropbox\Skoluppgifter\Universitet\2025\Webbteknologier\mvc\report\tests\Card\DeckTest.php" line="96" assertions="2" time="0.000626"/>
        <testcase name="testDrawReturnsNullWhenEmpty" class="App\Tests\Card\DeckTest" classname="App.Tests.Card.DeckTest" file="C:\Users\Karl\Dropbox\Skoluppgifter\Universitet\2025\Webbteknologier\mvc\report\tests\Card\DeckTest.php" line="107" assertions="1" time="0.001312"/>
        <testcase name="testJsonSerialize" class="App\Tests\Card\DeckTest" classname="App.Tests.Card.DeckTest" file="C:\Users\Karl\Dropbox\Skoluppgifter\Universitet\2025\Webbteknologier\mvc\report\tests\Card\DeckTest.php" line="118" assertions="1" time="0.001328"/>
      </testsuite>
      <testsuite name="App\Tests\Card\HandEvaluatorTest" file="C:\Users\Karl\Dropbox\Skoluppgifter\Universitet\2025\Webbteknologier\mvc\report\tests\Card\HandEvaluatorTest.php" tests="1" assertions="2" errors="0" warnings="0" failures="0" skipped="0" time="0.005465">
        <testcase name="testEvaluator" class="App\Tests\Card\HandEvaluatorTest" classname="App.Tests.Card.HandEvaluatorTest" file="C:\Users\Karl\Dropbox\Skoluppgifter\Universitet\2025\Webbteknologier\mvc\report\tests\Card\HandEvaluatorTest.php" line="27" assertions="2" time="0.005465"/>
      </testsuite>
      <testsuite name="App\Tests\Card\HandTest" file="C:\Users\Karl\Dropbox\Skoluppgifter\Universitet\2025\Webbteknologier\mvc\report\tests\Card\HandTest.php" tests="4" assertions="7" errors="0" warnings="0" failures="0" skipped="0" time="0.002565">
        <testcase name="testAddCardStoresCardInHand" class="App\Tests\Card\HandTest" classname="App.Tests.Card.HandTest" file="C:\Users\Karl\Dropbox\Skoluppgifter\Universitet\2025\Webbteknologier\mvc\report\tests\Card\HandTest.php" line="14" assertions="2" time="0.001316"/>
        <testcase name="testGetCardsReturnsAllCards" class="App\Tests\Card\HandTest" classname="App.Tests.Card.HandTest" file="C:\Users\Karl\Dropbox\Skoluppgifter\Universitet\2025\Webbteknologier\mvc\report\tests\Card\HandTest.php" line="26" assertions="3" time="0.000444"/>
        <testcase name="testGetValueReturnsTotalSum" class="App\Tests\Card\HandTest" classname="App.Tests.Card.HandTest" file="C:\Users\Karl\Dropbox\Skoluppgifter\Universitet\2025\Webbteknologier\mvc\report\tests\Card\HandTest.php" line="42" assertions="1" time="0.000422"/>
        <testcase name="testGetValueIsZeroWhenEmpty" class="App\Tests\Card\HandTest" classname="App.Tests.Card.HandTest" file="C:\Users\Karl\Dropbox\Skoluppgifter\Universitet\2025\Webbteknologier\mvc\report\tests\Card\HandTest.php" line="53" assertions="1" time="0.000383"/>
      </testsuite>
      <testsuite name="App\Tests\Card\MonkeyPlayerTest" file="C:\Users\Karl\Dropbox\Skoluppgifter\Universitet\2025\Webbteknologier\mvc\report\tests\Card\MonkeyPlayerTest.php" tests="1" assertions="3" errors="0" warnings="0" failures="0" skipped="0" time="0.003353">
        <testcase name="testMakeMove" class="App\Tests\Card\MonkeyPlayerTest" classname="App.Tests.Card.MonkeyPlayerTest" file="C:\Users\Karl\Dropbox\Skoluppgifter\Universitet\2025\Webbteknologier\mvc\report\tests\Card\MonkeyPlayerTest.php" line="14" assertions="3" time="0.003353"/>
      </testsuite>
      <testsuite name="App\Tests\Card\PlayerTest" file="C:\Users\Karl\Dropbox\Skoluppgifter\Universitet\2025\Webbteknologier\mvc\report\tests\Card\PlayerTest.php" tests="10" assertions="17" errors="0" warnings="0" failures="0" skipped="0" time="0.006874">
        <testcase name="testConstructorSetsNameAndCreatesHand" class="App\Tests\Card\PlayerTest" classname="App.Tests.Card.PlayerTest" file="C:\Users\Karl\Dropbox\Skoluppgifter\Universitet\2025\Webbteknologier\mvc\report\tests\Card\PlayerTest.php" line="16" assertions="2" time="0.000418"/>
        <testcase name="testAddCardAddsCardToPlayersHand" class="App\Tests\Card\PlayerTest" classname="App.Tests.Card.PlayerTest" file="C:\Users\Karl\Dropbox\Skoluppgifter\Universitet\2025\Webbteknologier\mvc\report\tests\Card\PlayerTest.php" line="24" assertions="2" time="0.000439"/>
        <testcase name="testGetScoreReturnsSumOfCardValues" class="App\Tests\Card\PlayerTest" classname="App.Tests.Card.PlayerTest" file="C:\Users\Karl\Dropbox\Skoluppgifter\Universitet\2025\Webbteknologier\mvc\report\tests\Card\PlayerTest.php" line="36" assertions="1" time="0.000441"/>
        <testcase name="testFoldSetsFoldedTrue" class="App\Tests\Card\PlayerTest" classname="App.Tests.Card.PlayerTest" file="C:\Users\Karl\Dropbox\Skoluppgifter\Universitet\2025\Webbteknologier\mvc\report\tests\Card\PlayerTest.php" line="46" assertions="2" time="0.001011"/>
        <testcase name="testHoldSetsHoldingTrue" class="App\Tests\Card\PlayerTest" classname="App.Tests.Card.PlayerTest" file="C:\Users\Karl\Dropbox\Skoluppgifter\Universitet\2025\Webbteknologier\mvc\report\tests\Card\PlayerTest.php" line="55" assertions="2" time="0.000423"/>
        <testcase name="testSetActiveAndInactiveTogglesStatus" class="App\Tests\Card\PlayerTest" classname="App.Tests.Card.PlayerTest" file="C:\Users\Karl\Dropbox\Skoluppgifter\Universitet\2025\Webbteknologier\mvc\report\tests\Card\PlayerTest.php" line="64" assertions="3" time="0.000417"/>
        <testcase name="testGetPlayHand" class="App\Tests\Card\PlayerTest" classname="App.Tests.Card.PlayerTest" file="C:\Users\Karl\Dropbox\Skoluppgifter\Universitet\2025\Webbteknologier\mvc\report\tests\Card\PlayerTest.php" line="76" assertions="1" time="0.000921"/>
        <testcase name="testGetBalance" class="App\Tests\Card\PlayerTest" classname="App.Tests.Card.PlayerTest" file="C:\Users\Karl\Dropbox\Skoluppgifter\Universitet\2025\Webbteknologier\mvc\report\tests\Card\PlayerTest.php" line="93" assertions="1" time="0.000691"/>
        <testcase name="testBetting" class="App\Tests\Card\PlayerTest" classname="App.Tests.Card.PlayerTest" file="C:\Users\Karl\Dropbox\Skoluppgifter\Universitet\2025\Webbteknologier\mvc\report\tests\Card\PlayerTest.php" line="102" assertions="2" time="0.001417"/>
        <testcase name="testResetBet" class="App\Tests\Card\PlayerTest" classname="App.Tests.Card.PlayerTest" file="C:\Users\Karl\Dropbox\Skoluppgifter\Universitet\2025\Webbteknologier\mvc\report\tests\Card\PlayerTest.php" line="119" assertions="1" time="0.000696"/>
      </testsuite>
      <testsuite name="PokerTest" file="C:\Users\Karl\Dropbox\Skoluppgifter\Universitet\2025\Webbteknologier\mvc\report\tests\Card\PokerTest.php" tests="15" assertions="34" errors="0" warnings="0" failures="0" skipped="0" time="0.013460">
        <testcase name="testAddAndGetPlayers" class="PokerTest" classname="PokerTest" file="C:\Users\Karl\Dropbox\Skoluppgifter\Universitet\2025\Webbteknologier\mvc\report\tests\Card\PokerTest.php" line="15" assertions="1" time="0.000728"/>
        <testcase name="testGetCurrentPlayer" class="PokerTest" classname="PokerTest" file="C:\Users\Karl\Dropbox\Skoluppgifter\Universitet\2025\Webbteknologier\mvc\report\tests\Card\PokerTest.php" line="27" assertions="3" time="0.000743"/>
        <testcase name="testNextPlayer" class="PokerTest" classname="PokerTest" file="C:\Users\Karl\Dropbox\Skoluppgifter\Universitet\2025\Webbteknologier\mvc\report\tests\Card\PokerTest.php" line="44" assertions="2" time="0.000754"/>
        <testcase name="testPlayerDrawNewCard" class="PokerTest" classname="PokerTest" file="C:\Users\Karl\Dropbox\Skoluppgifter\Universitet\2025\Webbteknologier\mvc\report\tests\Card\PokerTest.php" line="57" assertions="2" time="0.000788"/>
        <testcase name="testDrawNewCardIfPlayerHasFolded" class="PokerTest" classname="PokerTest" file="C:\Users\Karl\Dropbox\Skoluppgifter\Universitet\2025\Webbteknologier\mvc\report\tests\Card\PokerTest.php" line="69" assertions="1" time="0.000733"/>
        <testcase name="testHasEnded" class="PokerTest" classname="PokerTest" file="C:\Users\Karl\Dropbox\Skoluppgifter\Universitet\2025\Webbteknologier\mvc\report\tests\Card\PokerTest.php" line="80" assertions="2" time="0.000709"/>
        <testcase name="testPlayerRedrawCards" class="PokerTest" classname="PokerTest" file="C:\Users\Karl\Dropbox\Skoluppgifter\Universitet\2025\Webbteknologier\mvc\report\tests\Card\PokerTest.php" line="92" assertions="3" time="0.000853"/>
        <testcase name="testEvaluateHand" class="PokerTest" classname="PokerTest" file="C:\Users\Karl\Dropbox\Skoluppgifter\Universitet\2025\Webbteknologier\mvc\report\tests\Card\PokerTest.php" line="118" assertions="2" time="0.001811"/>
        <testcase name="testGetWinner" class="PokerTest" classname="PokerTest" file="C:\Users\Karl\Dropbox\Skoluppgifter\Universitet\2025\Webbteknologier\mvc\report\tests\Card\PokerTest.php" line="149" assertions="2" time="0.001201"/>
        <testcase name="testGetWinnerWithDifferentValues" class="PokerTest" classname="PokerTest" file="C:\Users\Karl\Dropbox\Skoluppgifter\Universitet\2025\Webbteknologier\mvc\report\tests\Card\PokerTest.php" line="176" assertions="2" time="0.001181"/>
        <testcase name="testAddToPot" class="PokerTest" classname="PokerTest" file="C:\Users\Karl\Dropbox\Skoluppgifter\Universitet\2025\Webbteknologier\mvc\report\tests\Card\PokerTest.php" line="204" assertions="2" time="0.000688"/>
        <testcase name="testRunComputerBets" class="PokerTest" classname="PokerTest" file="C:\Users\Karl\Dropbox\Skoluppgifter\Universitet\2025\Webbteknologier\mvc\report\tests\Card\PokerTest.php" line="215" assertions="6" time="0.001035"/>
        <testcase name="testPlaceBet" class="PokerTest" classname="PokerTest" file="C:\Users\Karl\Dropbox\Skoluppgifter\Universitet\2025\Webbteknologier\mvc\report\tests\Card\PokerTest.php" line="258" assertions="2" time="0.000736"/>
        <testcase name="testFullHands" class="PokerTest" classname="PokerTest" file="C:\Users\Karl\Dropbox\Skoluppgifter\Universitet\2025\Webbteknologier\mvc\report\tests\Card\PokerTest.php" line="271" assertions="2" time="0.000806"/>
        <testcase name="testStaging" class="PokerTest" classname="PokerTest" file="C:\Users\Karl\Dropbox\Skoluppgifter\Universitet\2025\Webbteknologier\mvc\report\tests\Card\PokerTest.php" line="288" assertions="2" time="0.000694"/>
      </testsuite>
      <testsuite name="App\Tests\Card\RulesTest" file="C:\Users\Karl\Dropbox\Skoluppgifter\Universitet\2025\Webbteknologier\mvc\report\tests\Card\RulesTest.php" tests="10" assertions="10" errors="0" warnings="0" failures="0" skipped="0" time="0.005460">
        <testcase name="testRoyalFlush" class="App\Tests\Card\RulesTest" classname="App.Tests.Card.RulesTest" file="C:\Users\Karl\Dropbox\Skoluppgifter\Universitet\2025\Webbteknologier\mvc\report\tests\Card\RulesTest.php" line="26" assertions="1" time="0.000526"/>
        <testcase name="testStraightFlush" class="App\Tests\Card\RulesTest" classname="App.Tests.Card.RulesTest" file="C:\Users\Karl\Dropbox\Skoluppgifter\Universitet\2025\Webbteknologier\mvc\report\tests\Card\RulesTest.php" line="40" assertions="1" time="0.000516"/>
        <testcase name="testFourOfAKind" class="App\Tests\Card\RulesTest" classname="App.Tests.Card.RulesTest" file="C:\Users\Karl\Dropbox\Skoluppgifter\Universitet\2025\Webbteknologier\mvc\report\tests\Card\RulesTest.php" line="54" assertions="1" time="0.000509"/>
        <testcase name="testFullHouse" class="App\Tests\Card\RulesTest" classname="App.Tests.Card.RulesTest" file="C:\Users\Karl\Dropbox\Skoluppgifter\Universitet\2025\Webbteknologier\mvc\report\tests\Card\RulesTest.php" line="68" assertions="1" time="0.000502"/>
        <testcase name="testFlush" class="App\Tests\Card\RulesTest" classname="App.Tests.Card.RulesTest" file="C:\Users\Karl\Dropbox\Skoluppgifter\Universitet\2025\Webbteknologier\mvc\report\tests\Card\RulesTest.php" line="82" assertions="1" time="0.000506"/>
        <testcase name="testStraight" class="App\Tests\Card\RulesTest" classname="App.Tests.Card.RulesTest" file="C:\Users\Karl\Dropbox\Skoluppgifter\Universitet\2025\Webbteknologier\mvc\report\tests\Card\RulesTest.php" line="96" assertions="1" time="0.000509"/>
        <testcase name="testThreeOfAKind" class="App\Tests\Card\RulesTest" classname="App.Tests.Card.RulesTest" file="C:\Users\Karl\Dropbox\Skoluppgifter\Universitet\2025\Webbteknologier\mvc\report\tests\Card\RulesTest.php" line="110" assertions="1" time="0.000499"/>
        <testcase name="testTwoPair" class="App\Tests\Card\RulesTest" classname="App.Tests.Card.RulesTest" file="C:\Users\Karl\Dropbox\Skoluppgifter\Universitet\2025\Webbteknologier\mvc\report\tests\Card\RulesTest.php" line="124" assertions="1" time="0.000501"/>
        <testcase name="testOnePair" class="App\Tests\Card\RulesTest" classname="App.Tests.Card.RulesTest" file="C:\Users\Karl\Dropbox\Skoluppgifter\Universitet\2025\Webbteknologier\mvc\report\tests\Card\RulesTest.php" line="138" assertions="1" time="0.000637"/>
        <testcase name="testHighCard" class="App\Tests\Card\RulesTest" classname="App.Tests.Card.RulesTest" file="C:\Users\Karl\Dropbox\Skoluppgifter\Universitet\2025\Webbteknologier\mvc\report\tests\Card\RulesTest.php" line="152" assertions="1" time="0.000756"/>
      </testsuite>
      <testsuite name="App\Tests\Card\TwentyOneTest" file="C:\Users\Karl\Dropbox\Skoluppgifter\Universitet\2025\Webbteknologier\mvc\report\tests\Card\TwentyOneTest.php" tests="14" assertions="23" errors="0" warnings="0" failures="0" skipped="0" time="0.012413">
        <testcase name="testLastPlayerEndsGame" class="App\Tests\Card\TwentyOneTest" classname="App.Tests.Card.TwentyOneTest" file="C:\Users\Karl\Dropbox\Skoluppgifter\Universitet\2025\Webbteknologier\mvc\report\tests\Card\TwentyOneTest.php" line="16" assertions="1" time="0.002475"/>
        <testcase name="testPlayerDrawCardUntilFolded" class="App\Tests\Card\TwentyOneTest" classname="App.Tests.Card.TwentyOneTest" file="C:\Users\Karl\Dropbox\Skoluppgifter\Universitet\2025\Webbteknologier\mvc\report\tests\Card\TwentyOneTest.php" line="32" assertions="3" time="0.001016"/>
        <testcase name="testGetDeck" class="App\Tests\Card\TwentyOneTest" classname="App.Tests.Card.TwentyOneTest" file="C:\Users\Karl\Dropbox\Skoluppgifter\Universitet\2025\Webbteknologier\mvc\report\tests\Card\TwentyOneTest.php" line="60" assertions="1" time="0.000704"/>
        <testcase name="testAddAndGetPlayers" class="App\Tests\Card\TwentyOneTest" classname="App.Tests.Card.TwentyOneTest" file="C:\Users\Karl\Dropbox\Skoluppgifter\Universitet\2025\Webbteknologier\mvc\report\tests\Card\TwentyOneTest.php" line="66" assertions="3" time="0.000733"/>
        <testcase name="testSetAndGetCurrentPlayer" class="App\Tests\Card\TwentyOneTest" classname="App.Tests.Card.TwentyOneTest" file="C:\Users\Karl\Dropbox\Skoluppgifter\Universitet\2025\Webbteknologier\mvc\report\tests\Card\TwentyOneTest.php" line="82" assertions="2" time="0.000740"/>
        <testcase name="testGetLastPlayer" class="App\Tests\Card\TwentyOneTest" classname="App.Tests.Card.TwentyOneTest" file="C:\Users\Karl\Dropbox\Skoluppgifter\Universitet\2025\Webbteknologier\mvc\report\tests\Card\TwentyOneTest.php" line="97" assertions="1" time="0.000709"/>
        <testcase name="testNextPlayerSwitchesActivePlayer" class="App\Tests\Card\TwentyOneTest" classname="App.Tests.Card.TwentyOneTest" file="C:\Users\Karl\Dropbox\Skoluppgifter\Universitet\2025\Webbteknologier\mvc\report\tests\Card\TwentyOneTest.php" line="109" assertions="2" time="0.000745"/>
        <testcase name="testDrawAddsCardToPlayer" class="App\Tests\Card\TwentyOneTest" classname="App.Tests.Card.TwentyOneTest" file="C:\Users\Karl\Dropbox\Skoluppgifter\Universitet\2025\Webbteknologier\mvc\report\tests\Card\TwentyOneTest.php" line="125" assertions="2" time="0.000772"/>
        <testcase name="testDrawWithHoldingOrFoldedReturnsFalse" class="App\Tests\Card\TwentyOneTest" classname="App.Tests.Card.TwentyOneTest" file="C:\Users\Karl\Dropbox\Skoluppgifter\Universitet\2025\Webbteknologier\mvc\report\tests\Card\TwentyOneTest.php" line="137" assertions="2" time="0.000750"/>
        <testcase name="testEndGameSetsFlag" class="App\Tests\Card\TwentyOneTest" classname="App.Tests.Card.TwentyOneTest" file="C:\Users\Karl\Dropbox\Skoluppgifter\Universitet\2025\Webbteknologier\mvc\report\tests\Card\TwentyOneTest.php" line="152" assertions="2" time="0.000726"/>
        <testcase name="testGetWinnerReturnsNullBeforeGameEnds" class="App\Tests\Card\TwentyOneTest" classname="App.Tests.Card.TwentyOneTest" file="C:\Users\Karl\Dropbox\Skoluppgifter\Universitet\2025\Webbteknologier\mvc\report\tests\Card\TwentyOneTest.php" line="161" assertions="1" time="0.000706"/>
        <testcase name="testGetWinnerReturnsHighestScorePlayer" class="App\Tests\Card\TwentyOneTest" classname="App.Tests.Card.TwentyOneTest" file="C:\Users\Karl\Dropbox\Skoluppgifter\Universitet\2025\Webbteknologier\mvc\report\tests\Card\TwentyOneTest.php" line="167" assertions="1" time="0.000818"/>
        <testcase name="testGetWinnerReturnsLastPlayerOnDraw" class="App\Tests\Card\TwentyOneTest" classname="App.Tests.Card.TwentyOneTest" file="C:\Users\Karl\Dropbox\Skoluppgifter\Universitet\2025\Webbteknologier\mvc\report\tests\Card\TwentyOneTest.php" line="188" assertions="1" time="0.000785"/>
        <testcase name="testGetWinnerReturnsNullIfAllFolded" class="App\Tests\Card\TwentyOneTest" classname="App.Tests.Card.TwentyOneTest" file="C:\Users\Karl\Dropbox\Skoluppgifter\Universitet\2025\Webbteknologier\mvc\report\tests\Card\TwentyOneTest.php" line="206" assertions="1" time="0.000733"/>
      </testsuite>
    </testsuite>
  </testsuite>
</testsuites>
