<?xml version="1.0" encoding="UTF-8"?>
<testsuites>
  <testsuite name="" tests="38" assertions="98" errors="0" warnings="0" failures="0" skipped="0" time="0.051493">
    <testsuite name="Project Test Suite" tests="38" assertions="98" errors="0" warnings="0" failures="0" skipped="0" time="0.051493">
      <testsuite name="App\Tests\Card\CardGraphicTest" file="C:\Users\Karl\Dropbox\Skoluppgifter\Universitet\2025\Webbteknologier\mvc\report\tests\Card\CardGraphicTest.php" tests="4" assertions="14" errors="0" warnings="0" failures="0" skipped="0" time="0.016978">
        <testcase name="testGetAsStringReturnsCorrectUnicodeSymbol" class="App\Tests\Card\CardGraphicTest" classname="App.Tests.Card.CardGraphicTest" file="C:\Users\Karl\Dropbox\Skoluppgifter\Universitet\2025\Webbteknologier\mvc\report\tests\Card\CardGraphicTest.php" line="13" assertions="4" time="0.014495"/>
        <testcase name="testGetAsStringHandlesInvalidCardGracefully" class="App\Tests\Card\CardGraphicTest" classname="App.Tests.Card.CardGraphicTest" file="C:\Users\Karl\Dropbox\Skoluppgifter\Universitet\2025\Webbteknologier\mvc\report\tests\Card\CardGraphicTest.php" line="28" assertions="2" time="0.000544"/>
        <testcase name="testGetColorReturnsCorrectColor" class="App\Tests\Card\CardGraphicTest" classname="App.Tests.Card.CardGraphicTest" file="C:\Users\Karl\Dropbox\Skoluppgifter\Universitet\2025\Webbteknologier\mvc\report\tests\Card\CardGraphicTest.php" line="37" assertions="4" time="0.000526"/>
        <testcase name="testJsonSerializeReturnsExpectedStructure" class="App\Tests\Card\CardGraphicTest" classname="App.Tests.Card.CardGraphicTest" file="C:\Users\Karl\Dropbox\Skoluppgifter\Universitet\2025\Webbteknologier\mvc\report\tests\Card\CardGraphicTest.php" line="45" assertions="4" time="0.001413"/>
      </testsuite>
      <testsuite name="App\Tests\Card\CardTest" file="C:\Users\Karl\Dropbox\Skoluppgifter\Universitet\2025\Webbteknologier\mvc\report\tests\Card\CardTest.php" tests="4" assertions="4" errors="0" warnings="0" failures="0" skipped="0" time="0.002411">
        <testcase name="testCreateCard" class="App\Tests\Card\CardTest" classname="App.Tests.Card.CardTest" file="C:\Users\Karl\Dropbox\Skoluppgifter\Universitet\2025\Webbteknologier\mvc\report\tests\Card\CardTest.php" line="13" assertions="1" time="0.001189"/>
        <testcase name="testGetSuit" class="App\Tests\Card\CardTest" classname="App.Tests.Card.CardTest" file="C:\Users\Karl\Dropbox\Skoluppgifter\Universitet\2025\Webbteknologier\mvc\report\tests\Card\CardTest.php" line="19" assertions="1" time="0.000406"/>
        <testcase name="testGetValue" class="App\Tests\Card\CardTest" classname="App.Tests.Card.CardTest" file="C:\Users\Karl\Dropbox\Skoluppgifter\Universitet\2025\Webbteknologier\mvc\report\tests\Card\CardTest.php" line="25" assertions="1" time="0.000404"/>
        <testcase name="testGetAsString" class="App\Tests\Card\CardTest" classname="App.Tests.Card.CardTest" file="C:\Users\Karl\Dropbox\Skoluppgifter\Universitet\2025\Webbteknologier\mvc\report\tests\Card\CardTest.php" line="31" assertions="1" time="0.000412"/>
      </testsuite>
      <testsuite name="App\Tests\Card\DeckTest" file="C:\Users\Karl\Dropbox\Skoluppgifter\Universitet\2025\Webbteknologier\mvc\report\tests\Card\DeckTest.php" tests="8" assertions="41" errors="0" warnings="0" failures="0" skipped="0" time="0.009389">
        <testcase name="testDefaultDeckHas52Cards" class="App\Tests\Card\DeckTest" classname="App.Tests.Card.DeckTest" file="C:\Users\Karl\Dropbox\Skoluppgifter\Universitet\2025\Webbteknologier\mvc\report\tests\Card\DeckTest.php" line="15" assertions="2" time="0.002641"/>
        <testcase name="testGraphicDeckHasCardGraphicObjects" class="App\Tests\Card\DeckTest" classname="App.Tests.Card.DeckTest" file="C:\Users\Karl\Dropbox\Skoluppgifter\Universitet\2025\Webbteknologier\mvc\report\tests\Card\DeckTest.php" line="24" assertions="2" time="0.000831"/>
        <testcase name="testPreloadedDeckUsesExactCards" class="App\Tests\Card\DeckTest" classname="App.Tests.Card.DeckTest" file="C:\Users\Karl\Dropbox\Skoluppgifter\Universitet\2025\Webbteknologier\mvc\report\tests\Card\DeckTest.php" line="33" assertions="5" time="0.000498"/>
        <testcase name="testGetCardsBySuitReturnsOnlyThatSuit" class="App\Tests\Card\DeckTest" classname="App.Tests.Card.DeckTest" file="C:\Users\Karl\Dropbox\Skoluppgifter\Universitet\2025\Webbteknologier\mvc\report\tests\Card\DeckTest.php" line="50" assertions="14" time="0.001009"/>
        <testcase name="testSortedCardsBySuitAreSortedByValue" class="App\Tests\Card\DeckTest" classname="App.Tests.Card.DeckTest" file="C:\Users\Karl\Dropbox\Skoluppgifter\Universitet\2025\Webbteknologier\mvc\report\tests\Card\DeckTest.php" line="62" assertions="14" time="0.000912"/>
        <testcase name="testShuffleChangesOrder" class="App\Tests\Card\DeckTest" classname="App.Tests.Card.DeckTest" file="C:\Users\Karl\Dropbox\Skoluppgifter\Universitet\2025\Webbteknologier\mvc\report\tests\Card\DeckTest.php" line="74" assertions="1" time="0.001514"/>
        <testcase name="testDrawRemovesOneCard" class="App\Tests\Card\DeckTest" classname="App.Tests.Card.DeckTest" file="C:\Users\Karl\Dropbox\Skoluppgifter\Universitet\2025\Webbteknologier\mvc\report\tests\Card\DeckTest.php" line="96" assertions="2" time="0.000634"/>
        <testcase name="testDrawReturnsNullWhenEmpty" class="App\Tests\Card\DeckTest" classname="App.Tests.Card.DeckTest" file="C:\Users\Karl\Dropbox\Skoluppgifter\Universitet\2025\Webbteknologier\mvc\report\tests\Card\DeckTest.php" line="107" assertions="1" time="0.001348"/>
      </testsuite>
      <testsuite name="App\Tests\Card\HandTest" file="C:\Users\Karl\Dropbox\Skoluppgifter\Universitet\2025\Webbteknologier\mvc\report\tests\Card\HandTest.php" tests="4" assertions="7" errors="0" warnings="0" failures="0" skipped="0" time="0.003492">
        <testcase name="testAddCardStoresCardInHand" class="App\Tests\Card\HandTest" classname="App.Tests.Card.HandTest" file="C:\Users\Karl\Dropbox\Skoluppgifter\Universitet\2025\Webbteknologier\mvc\report\tests\Card\HandTest.php" line="14" assertions="2" time="0.001888"/>
        <testcase name="testGetCardsReturnsAllCards" class="App\Tests\Card\HandTest" classname="App.Tests.Card.HandTest" file="C:\Users\Karl\Dropbox\Skoluppgifter\Universitet\2025\Webbteknologier\mvc\report\tests\Card\HandTest.php" line="26" assertions="3" time="0.000576"/>
        <testcase name="testGetValueReturnsTotalSum" class="App\Tests\Card\HandTest" classname="App.Tests.Card.HandTest" file="C:\Users\Karl\Dropbox\Skoluppgifter\Universitet\2025\Webbteknologier\mvc\report\tests\Card\HandTest.php" line="42" assertions="1" time="0.000616"/>
        <testcase name="testGetValueIsZeroWhenEmpty" class="App\Tests\Card\HandTest" classname="App.Tests.Card.HandTest" file="C:\Users\Karl\Dropbox\Skoluppgifter\Universitet\2025\Webbteknologier\mvc\report\tests\Card\HandTest.php" line="53" assertions="1" time="0.000412"/>
      </testsuite>
      <testsuite name="App\Tests\Card\PlayerTest" file="C:\Users\Karl\Dropbox\Skoluppgifter\Universitet\2025\Webbteknologier\mvc\report\tests\Card\PlayerTest.php" tests="6" assertions="12" errors="0" warnings="0" failures="0" skipped="0" time="0.004692">
        <testcase name="testConstructorSetsNameAndCreatesHand" class="App\Tests\Card\PlayerTest" classname="App.Tests.Card.PlayerTest" file="C:\Users\Karl\Dropbox\Skoluppgifter\Universitet\2025\Webbteknologier\mvc\report\tests\Card\PlayerTest.php" line="15" assertions="2" time="0.001850"/>
        <testcase name="testAddCardAddsCardToPlayersHand" class="App\Tests\Card\PlayerTest" classname="App.Tests.Card.PlayerTest" file="C:\Users\Karl\Dropbox\Skoluppgifter\Universitet\2025\Webbteknologier\mvc\report\tests\Card\PlayerTest.php" line="23" assertions="2" time="0.000488"/>
        <testcase name="testGetScoreReturnsSumOfCardValues" class="App\Tests\Card\PlayerTest" classname="App.Tests.Card.PlayerTest" file="C:\Users\Karl\Dropbox\Skoluppgifter\Universitet\2025\Webbteknologier\mvc\report\tests\Card\PlayerTest.php" line="35" assertions="1" time="0.000467"/>
        <testcase name="testFoldSetsFoldedTrue" class="App\Tests\Card\PlayerTest" classname="App.Tests.Card.PlayerTest" file="C:\Users\Karl\Dropbox\Skoluppgifter\Universitet\2025\Webbteknologier\mvc\report\tests\Card\PlayerTest.php" line="45" assertions="2" time="0.001023"/>
        <testcase name="testHoldSetsHoldingTrue" class="App\Tests\Card\PlayerTest" classname="App.Tests.Card.PlayerTest" file="C:\Users\Karl\Dropbox\Skoluppgifter\Universitet\2025\Webbteknologier\mvc\report\tests\Card\PlayerTest.php" line="54" assertions="2" time="0.000433"/>
        <testcase name="testSetActiveAndInactiveTogglesStatus" class="App\Tests\Card\PlayerTest" classname="App.Tests.Card.PlayerTest" file="C:\Users\Karl\Dropbox\Skoluppgifter\Universitet\2025\Webbteknologier\mvc\report\tests\Card\PlayerTest.php" line="63" assertions="3" time="0.000431"/>
      </testsuite>
      <testsuite name="App\Tests\Card\TwentyOneTest" file="C:\Users\Karl\Dropbox\Skoluppgifter\Universitet\2025\Webbteknologier\mvc\report\tests\Card\TwentyOneTest.php" tests="11" assertions="18" errors="0" warnings="0" failures="0" skipped="0" time="0.010492">
        <testcase name="testAddAndGetPlayers" class="App\Tests\Card\TwentyOneTest" classname="App.Tests.Card.TwentyOneTest" file="C:\Users\Karl\Dropbox\Skoluppgifter\Universitet\2025\Webbteknologier\mvc\report\tests\Card\TwentyOneTest.php" line="15" assertions="3" time="0.002450"/>
        <testcase name="testSetAndGetCurrentPlayer" class="App\Tests\Card\TwentyOneTest" classname="App.Tests.Card.TwentyOneTest" file="C:\Users\Karl\Dropbox\Skoluppgifter\Universitet\2025\Webbteknologier\mvc\report\tests\Card\TwentyOneTest.php" line="31" assertions="2" time="0.000878"/>
        <testcase name="testGetLastPlayer" class="App\Tests\Card\TwentyOneTest" classname="App.Tests.Card.TwentyOneTest" file="C:\Users\Karl\Dropbox\Skoluppgifter\Universitet\2025\Webbteknologier\mvc\report\tests\Card\TwentyOneTest.php" line="46" assertions="1" time="0.000770"/>
        <testcase name="testNextPlayerSwitchesActivePlayer" class="App\Tests\Card\TwentyOneTest" classname="App.Tests.Card.TwentyOneTest" file="C:\Users\Karl\Dropbox\Skoluppgifter\Universitet\2025\Webbteknologier\mvc\report\tests\Card\TwentyOneTest.php" line="58" assertions="2" time="0.000803"/>
        <testcase name="testDrawAddsCardToPlayer" class="App\Tests\Card\TwentyOneTest" classname="App.Tests.Card.TwentyOneTest" file="C:\Users\Karl\Dropbox\Skoluppgifter\Universitet\2025\Webbteknologier\mvc\report\tests\Card\TwentyOneTest.php" line="74" assertions="2" time="0.000867"/>
        <testcase name="testDrawWithHoldingOrFoldedReturnsFalse" class="App\Tests\Card\TwentyOneTest" classname="App.Tests.Card.TwentyOneTest" file="C:\Users\Karl\Dropbox\Skoluppgifter\Universitet\2025\Webbteknologier\mvc\report\tests\Card\TwentyOneTest.php" line="86" assertions="2" time="0.000787"/>
        <testcase name="testEndGameSetsFlag" class="App\Tests\Card\TwentyOneTest" classname="App.Tests.Card.TwentyOneTest" file="C:\Users\Karl\Dropbox\Skoluppgifter\Universitet\2025\Webbteknologier\mvc\report\tests\Card\TwentyOneTest.php" line="101" assertions="2" time="0.000749"/>
        <testcase name="testGetWinnerReturnsNullBeforeGameEnds" class="App\Tests\Card\TwentyOneTest" classname="App.Tests.Card.TwentyOneTest" file="C:\Users\Karl\Dropbox\Skoluppgifter\Universitet\2025\Webbteknologier\mvc\report\tests\Card\TwentyOneTest.php" line="110" assertions="1" time="0.000743"/>
        <testcase name="testGetWinnerReturnsHighestScorePlayer" class="App\Tests\Card\TwentyOneTest" classname="App.Tests.Card.TwentyOneTest" file="C:\Users\Karl\Dropbox\Skoluppgifter\Universitet\2025\Webbteknologier\mvc\report\tests\Card\TwentyOneTest.php" line="116" assertions="1" time="0.000852"/>
        <testcase name="testGetWinnerReturnsLastPlayerOnDraw" class="App\Tests\Card\TwentyOneTest" classname="App.Tests.Card.TwentyOneTest" file="C:\Users\Karl\Dropbox\Skoluppgifter\Universitet\2025\Webbteknologier\mvc\report\tests\Card\TwentyOneTest.php" line="137" assertions="1" time="0.000823"/>
        <testcase name="testGetWinnerReturnsNullIfAllFolded" class="App\Tests\Card\TwentyOneTest" classname="App.Tests.Card.TwentyOneTest" file="C:\Users\Karl\Dropbox\Skoluppgifter\Universitet\2025\Webbteknologier\mvc\report\tests\Card\TwentyOneTest.php" line="155" assertions="1" time="0.000769"/>
      </testsuite>
      <testsuite name="App\Dice\DiceTest" file="C:\Users\Karl\Dropbox\Skoluppgifter\Universitet\2025\Webbteknologier\mvc\report\tests\Dice\DiceTest.php" tests="1" assertions="2" errors="0" warnings="0" failures="0" skipped="0" time="0.004040">
        <testcase name="testCreateDice" class="App\Dice\DiceTest" classname="App.Dice.DiceTest" file="C:\Users\Karl\Dropbox\Skoluppgifter\Universitet\2025\Webbteknologier\mvc\report\tests\Dice\DiceTest.php" line="16" assertions="2" time="0.004040"/>
      </testsuite>
    </testsuite>
  </testsuite>
</testsuites>
