<?xml version="1.0" encoding="UTF-8"?>
<testsuites>
  <testsuite name="" tests="74" assertions="160" errors="0" warnings="0" failures="0" skipped="0" time="0.083620">
    <testsuite name="Project Test Suite" tests="74" assertions="160" errors="0" warnings="0" failures="0" skipped="0" time="0.083620">
      <testsuite name="App\Tests\Card\CardGraphicTest" file="C:\Users\Karl\Dropbox\Skoluppgifter\Universitet\2025\Webbteknologier\mvc\report\tests\Card\CardGraphicTest.php" tests="4" assertions="14" errors="0" warnings="0" failures="0" skipped="0" time="0.014878">
        <testcase name="testGetAsStringReturnsCorrectUnicodeSymbol" class="App\Tests\Card\CardGraphicTest" classname="App.Tests.Card.CardGraphicTest" file="C:\Users\Karl\Dropbox\Skoluppgifter\Universitet\2025\Webbteknologier\mvc\report\tests\Card\CardGraphicTest.php" line="13" assertions="4" time="0.012749"/>
        <testcase name="testGetAsStringHandlesInvalidCardGracefully" class="App\Tests\Card\CardGraphicTest" classname="App.Tests.Card.CardGraphicTest" file="C:\Users\Karl\Dropbox\Skoluppgifter\Universitet\2025\Webbteknologier\mvc\report\tests\Card\CardGraphicTest.php" line="28" assertions="2" time="0.000483"/>
        <testcase name="testGetColorReturnsCorrectColor" class="App\Tests\Card\CardGraphicTest" classname="App.Tests.Card.CardGraphicTest" file="C:\Users\Karl\Dropbox\Skoluppgifter\Universitet\2025\Webbteknologier\mvc\report\tests\Card\CardGraphicTest.php" line="37" assertions="4" time="0.000442"/>
        <testcase name="testJsonSerializeReturnsExpectedStructure" class="App\Tests\Card\CardGraphicTest" classname="App.Tests.Card.CardGraphicTest" file="C:\Users\Karl\Dropbox\Skoluppgifter\Universitet\2025\Webbteknologier\mvc\report\tests\Card\CardGraphicTest.php" line="45" assertions="4" time="0.001204"/>
      </testsuite>
      <testsuite name="App\Tests\Card\CardTest" file="C:\Users\Karl\Dropbox\Skoluppgifter\Universitet\2025\Webbteknologier\mvc\report\tests\Card\CardTest.php" tests="4" assertions="4" errors="0" warnings="0" failures="0" skipped="0" time="0.002323">
        <testcase name="testCreateCard" class="App\Tests\Card\CardTest" classname="App.Tests.Card.CardTest" file="C:\Users\Karl\Dropbox\Skoluppgifter\Universitet\2025\Webbteknologier\mvc\report\tests\Card\CardTest.php" line="13" assertions="1" time="0.001151"/>
        <testcase name="testGetSuit" class="App\Tests\Card\CardTest" classname="App.Tests.Card.CardTest" file="C:\Users\Karl\Dropbox\Skoluppgifter\Universitet\2025\Webbteknologier\mvc\report\tests\Card\CardTest.php" line="19" assertions="1" time="0.000396"/>
        <testcase name="testGetValue" class="App\Tests\Card\CardTest" classname="App.Tests.Card.CardTest" file="C:\Users\Karl\Dropbox\Skoluppgifter\Universitet\2025\Webbteknologier\mvc\report\tests\Card\CardTest.php" line="25" assertions="1" time="0.000390"/>
        <testcase name="testGetAsString" class="App\Tests\Card\CardTest" classname="App.Tests.Card.CardTest" file="C:\Users\Karl\Dropbox\Skoluppgifter\Universitet\2025\Webbteknologier\mvc\report\tests\Card\CardTest.php" line="31" assertions="1" time="0.000386"/>
      </testsuite>
      <testsuite name="App\Tests\Card\ComputerPlayerTest" file="C:\Users\Karl\Dropbox\Skoluppgifter\Universitet\2025\Webbteknologier\mvc\report\tests\Card\ComputerPlayerTest.php" tests="1" assertions="4" errors="0" warnings="0" failures="0" skipped="0" time="0.006992">
        <testcase name="testMakeMove" class="App\Tests\Card\ComputerPlayerTest" classname="App.Tests.Card.ComputerPlayerTest" file="C:\Users\Karl\Dropbox\Skoluppgifter\Universitet\2025\Webbteknologier\mvc\report\tests\Card\ComputerPlayerTest.php" line="15" assertions="4" time="0.006992"/>
      </testsuite>
      <testsuite name="App\Tests\Card\DeckTest" file="C:\Users\Karl\Dropbox\Skoluppgifter\Universitet\2025\Webbteknologier\mvc\report\tests\Card\DeckTest.php" tests="9" assertions="42" errors="0" warnings="0" failures="0" skipped="0" time="0.008547">
        <testcase name="testDefaultDeckHas52Cards" class="App\Tests\Card\DeckTest" classname="App.Tests.Card.DeckTest" file="C:\Users\Karl\Dropbox\Skoluppgifter\Universitet\2025\Webbteknologier\mvc\report\tests\Card\DeckTest.php" line="15" assertions="2" time="0.000652"/>
        <testcase name="testGraphicDeckHasCardGraphicObjects" class="App\Tests\Card\DeckTest" classname="App.Tests.Card.DeckTest" file="C:\Users\Karl\Dropbox\Skoluppgifter\Universitet\2025\Webbteknologier\mvc\report\tests\Card\DeckTest.php" line="24" assertions="2" time="0.000751"/>
        <testcase name="testPreloadedDeckUsesExactCards" class="App\Tests\Card\DeckTest" classname="App.Tests.Card.DeckTest" file="C:\Users\Karl\Dropbox\Skoluppgifter\Universitet\2025\Webbteknologier\mvc\report\tests\Card\DeckTest.php" line="33" assertions="5" time="0.000499"/>
        <testcase name="testGetCardsBySuitReturnsOnlyThatSuit" class="App\Tests\Card\DeckTest" classname="App.Tests.Card.DeckTest" file="C:\Users\Karl\Dropbox\Skoluppgifter\Universitet\2025\Webbteknologier\mvc\report\tests\Card\DeckTest.php" line="50" assertions="14" time="0.000843"/>
        <testcase name="testSortedCardsBySuitAreSortedByValue" class="App\Tests\Card\DeckTest" classname="App.Tests.Card.DeckTest" file="C:\Users\Karl\Dropbox\Skoluppgifter\Universitet\2025\Webbteknologier\mvc\report\tests\Card\DeckTest.php" line="62" assertions="14" time="0.000888"/>
        <testcase name="testShuffleChangesOrder" class="App\Tests\Card\DeckTest" classname="App.Tests.Card.DeckTest" file="C:\Users\Karl\Dropbox\Skoluppgifter\Universitet\2025\Webbteknologier\mvc\report\tests\Card\DeckTest.php" line="74" assertions="1" time="0.001561"/>
        <testcase name="testDrawRemovesOneCard" class="App\Tests\Card\DeckTest" classname="App.Tests.Card.DeckTest" file="C:\Users\Karl\Dropbox\Skoluppgifter\Universitet\2025\Webbteknologier\mvc\report\tests\Card\DeckTest.php" line="96" assertions="2" time="0.000640"/>
        <testcase name="testDrawReturnsNullWhenEmpty" class="App\Tests\Card\DeckTest" classname="App.Tests.Card.DeckTest" file="C:\Users\Karl\Dropbox\Skoluppgifter\Universitet\2025\Webbteknologier\mvc\report\tests\Card\DeckTest.php" line="107" assertions="1" time="0.001409"/>
        <testcase name="testJsonSerialize" class="App\Tests\Card\DeckTest" classname="App.Tests.Card.DeckTest" file="C:\Users\Karl\Dropbox\Skoluppgifter\Universitet\2025\Webbteknologier\mvc\report\tests\Card\DeckTest.php" line="118" assertions="1" time="0.001305"/>
      </testsuite>
      <testsuite name="App\Tests\Card\HandEvaluatorTest" file="C:\Users\Karl\Dropbox\Skoluppgifter\Universitet\2025\Webbteknologier\mvc\report\tests\Card\HandEvaluatorTest.php" tests="1" assertions="2" errors="0" warnings="0" failures="0" skipped="0" time="0.005943">
        <testcase name="testEvaluator" class="App\Tests\Card\HandEvaluatorTest" classname="App.Tests.Card.HandEvaluatorTest" file="C:\Users\Karl\Dropbox\Skoluppgifter\Universitet\2025\Webbteknologier\mvc\report\tests\Card\HandEvaluatorTest.php" line="27" assertions="2" time="0.005943"/>
      </testsuite>
      <testsuite name="App\Tests\Card\HandTest" file="C:\Users\Karl\Dropbox\Skoluppgifter\Universitet\2025\Webbteknologier\mvc\report\tests\Card\HandTest.php" tests="4" assertions="7" errors="0" warnings="0" failures="0" skipped="0" time="0.002586">
        <testcase name="testAddCardStoresCardInHand" class="App\Tests\Card\HandTest" classname="App.Tests.Card.HandTest" file="C:\Users\Karl\Dropbox\Skoluppgifter\Universitet\2025\Webbteknologier\mvc\report\tests\Card\HandTest.php" line="14" assertions="2" time="0.001284"/>
        <testcase name="testGetCardsReturnsAllCards" class="App\Tests\Card\HandTest" classname="App.Tests.Card.HandTest" file="C:\Users\Karl\Dropbox\Skoluppgifter\Universitet\2025\Webbteknologier\mvc\report\tests\Card\HandTest.php" line="26" assertions="3" time="0.000431"/>
        <testcase name="testGetValueReturnsTotalSum" class="App\Tests\Card\HandTest" classname="App.Tests.Card.HandTest" file="C:\Users\Karl\Dropbox\Skoluppgifter\Universitet\2025\Webbteknologier\mvc\report\tests\Card\HandTest.php" line="42" assertions="1" time="0.000434"/>
        <testcase name="testGetValueIsZeroWhenEmpty" class="App\Tests\Card\HandTest" classname="App.Tests.Card.HandTest" file="C:\Users\Karl\Dropbox\Skoluppgifter\Universitet\2025\Webbteknologier\mvc\report\tests\Card\HandTest.php" line="53" assertions="1" time="0.000436"/>
      </testsuite>
      <testsuite name="App\Tests\Card\MonkeyPlayerTest" file="C:\Users\Karl\Dropbox\Skoluppgifter\Universitet\2025\Webbteknologier\mvc\report\tests\Card\MonkeyPlayerTest.php" tests="1" assertions="3" errors="0" warnings="0" failures="0" skipped="0" time="0.003609">
        <testcase name="testMakeMove" class="App\Tests\Card\MonkeyPlayerTest" classname="App.Tests.Card.MonkeyPlayerTest" file="C:\Users\Karl\Dropbox\Skoluppgifter\Universitet\2025\Webbteknologier\mvc\report\tests\Card\MonkeyPlayerTest.php" line="14" assertions="3" time="0.003609"/>
      </testsuite>
      <testsuite name="App\Tests\Card\PlayerTest" file="C:\Users\Karl\Dropbox\Skoluppgifter\Universitet\2025\Webbteknologier\mvc\report\tests\Card\PlayerTest.php" tests="11" assertions="17" errors="0" warnings="0" failures="0" skipped="0" time="0.007637">
        <testcase name="testConstructorSetsNameAndCreatesHand" class="App\Tests\Card\PlayerTest" classname="App.Tests.Card.PlayerTest" file="C:\Users\Karl\Dropbox\Skoluppgifter\Universitet\2025\Webbteknologier\mvc\report\tests\Card\PlayerTest.php" line="16" assertions="2" time="0.000413"/>
        <testcase name="testAddCardAddsCardToPlayersHand" class="App\Tests\Card\PlayerTest" classname="App.Tests.Card.PlayerTest" file="C:\Users\Karl\Dropbox\Skoluppgifter\Universitet\2025\Webbteknologier\mvc\report\tests\Card\PlayerTest.php" line="24" assertions="2" time="0.000432"/>
        <testcase name="testGetScoreReturnsSumOfCardValues" class="App\Tests\Card\PlayerTest" classname="App.Tests.Card.PlayerTest" file="C:\Users\Karl\Dropbox\Skoluppgifter\Universitet\2025\Webbteknologier\mvc\report\tests\Card\PlayerTest.php" line="36" assertions="1" time="0.000434"/>
        <testcase name="testFoldSetsFoldedTrue" class="App\Tests\Card\PlayerTest" classname="App.Tests.Card.PlayerTest" file="C:\Users\Karl\Dropbox\Skoluppgifter\Universitet\2025\Webbteknologier\mvc\report\tests\Card\PlayerTest.php" line="46" assertions="2" time="0.000929"/>
        <testcase name="testHoldSetsHoldingTrue" class="App\Tests\Card\PlayerTest" classname="App.Tests.Card.PlayerTest" file="C:\Users\Karl\Dropbox\Skoluppgifter\Universitet\2025\Webbteknologier\mvc\report\tests\Card\PlayerTest.php" line="55" assertions="2" time="0.000421"/>
        <testcase name="testSetActiveAndInactiveTogglesStatus" class="App\Tests\Card\PlayerTest" classname="App.Tests.Card.PlayerTest" file="C:\Users\Karl\Dropbox\Skoluppgifter\Universitet\2025\Webbteknologier\mvc\report\tests\Card\PlayerTest.php" line="64" assertions="3" time="0.000435"/>
        <testcase name="testGetPlayHand" class="App\Tests\Card\PlayerTest" classname="App.Tests.Card.PlayerTest" file="C:\Users\Karl\Dropbox\Skoluppgifter\Universitet\2025\Webbteknologier\mvc\report\tests\Card\PlayerTest.php" line="76" assertions="1" time="0.000944"/>
        <testcase name="testGetBalance" class="App\Tests\Card\PlayerTest" classname="App.Tests.Card.PlayerTest" file="C:\Users\Karl\Dropbox\Skoluppgifter\Universitet\2025\Webbteknologier\mvc\report\tests\Card\PlayerTest.php" line="93" assertions="1" time="0.000696"/>
        <testcase name="testBetting" class="App\Tests\Card\PlayerTest" classname="App.Tests.Card.PlayerTest" file="C:\Users\Karl\Dropbox\Skoluppgifter\Universitet\2025\Webbteknologier\mvc\report\tests\Card\PlayerTest.php" line="102" assertions="2" time="0.001459"/>
        <testcase name="testResetBet" class="App\Tests\Card\PlayerTest" classname="App.Tests.Card.PlayerTest" file="C:\Users\Karl\Dropbox\Skoluppgifter\Universitet\2025\Webbteknologier\mvc\report\tests\Card\PlayerTest.php" line="119" assertions="1" time="0.000737"/>
        <testcase name="testMakeMoveDoesNothingByDefault" class="App\Tests\Card\PlayerTest" classname="App.Tests.Card.PlayerTest" file="C:\Users\Karl\Dropbox\Skoluppgifter\Universitet\2025\Webbteknologier\mvc\report\tests\Card\PlayerTest.php" line="129" assertions="0" time="0.000736"/>
      </testsuite>
      <testsuite name="PokerTest" file="C:\Users\Karl\Dropbox\Skoluppgifter\Universitet\2025\Webbteknologier\mvc\report\tests\Card\PokerTest.php" tests="15" assertions="34" errors="0" warnings="0" failures="0" skipped="0" time="0.013441">
        <testcase name="testAddAndGetPlayers" class="PokerTest" classname="PokerTest" file="C:\Users\Karl\Dropbox\Skoluppgifter\Universitet\2025\Webbteknologier\mvc\report\tests\Card\PokerTest.php" line="15" assertions="1" time="0.000745"/>
        <testcase name="testGetCurrentPlayer" class="PokerTest" classname="PokerTest" file="C:\Users\Karl\Dropbox\Skoluppgifter\Universitet\2025\Webbteknologier\mvc\report\tests\Card\PokerTest.php" line="27" assertions="3" time="0.000740"/>
        <testcase name="testNextPlayer" class="PokerTest" classname="PokerTest" file="C:\Users\Karl\Dropbox\Skoluppgifter\Universitet\2025\Webbteknologier\mvc\report\tests\Card\PokerTest.php" line="44" assertions="2" time="0.000709"/>
        <testcase name="testPlayerDrawNewCard" class="PokerTest" classname="PokerTest" file="C:\Users\Karl\Dropbox\Skoluppgifter\Universitet\2025\Webbteknologier\mvc\report\tests\Card\PokerTest.php" line="57" assertions="2" time="0.000768"/>
        <testcase name="testDrawNewCardIfPlayerHasFolded" class="PokerTest" classname="PokerTest" file="C:\Users\Karl\Dropbox\Skoluppgifter\Universitet\2025\Webbteknologier\mvc\report\tests\Card\PokerTest.php" line="70" assertions="1" time="0.000734"/>
        <testcase name="testHasEnded" class="PokerTest" classname="PokerTest" file="C:\Users\Karl\Dropbox\Skoluppgifter\Universitet\2025\Webbteknologier\mvc\report\tests\Card\PokerTest.php" line="81" assertions="2" time="0.000717"/>
        <testcase name="testPlayerRedrawCards" class="PokerTest" classname="PokerTest" file="C:\Users\Karl\Dropbox\Skoluppgifter\Universitet\2025\Webbteknologier\mvc\report\tests\Card\PokerTest.php" line="93" assertions="3" time="0.000896"/>
        <testcase name="testEvaluateHand" class="PokerTest" classname="PokerTest" file="C:\Users\Karl\Dropbox\Skoluppgifter\Universitet\2025\Webbteknologier\mvc\report\tests\Card\PokerTest.php" line="127" assertions="2" time="0.001822"/>
        <testcase name="testGetWinner" class="PokerTest" classname="PokerTest" file="C:\Users\Karl\Dropbox\Skoluppgifter\Universitet\2025\Webbteknologier\mvc\report\tests\Card\PokerTest.php" line="158" assertions="2" time="0.001176"/>
        <testcase name="testGetWinnerWithDifferentValues" class="PokerTest" classname="PokerTest" file="C:\Users\Karl\Dropbox\Skoluppgifter\Universitet\2025\Webbteknologier\mvc\report\tests\Card\PokerTest.php" line="185" assertions="2" time="0.001153"/>
        <testcase name="testAddToPot" class="PokerTest" classname="PokerTest" file="C:\Users\Karl\Dropbox\Skoluppgifter\Universitet\2025\Webbteknologier\mvc\report\tests\Card\PokerTest.php" line="213" assertions="2" time="0.000712"/>
        <testcase name="testRunComputerBets" class="PokerTest" classname="PokerTest" file="C:\Users\Karl\Dropbox\Skoluppgifter\Universitet\2025\Webbteknologier\mvc\report\tests\Card\PokerTest.php" line="224" assertions="6" time="0.001032"/>
        <testcase name="testPlaceBet" class="PokerTest" classname="PokerTest" file="C:\Users\Karl\Dropbox\Skoluppgifter\Universitet\2025\Webbteknologier\mvc\report\tests\Card\PokerTest.php" line="267" assertions="2" time="0.000738"/>
        <testcase name="testFullHands" class="PokerTest" classname="PokerTest" file="C:\Users\Karl\Dropbox\Skoluppgifter\Universitet\2025\Webbteknologier\mvc\report\tests\Card\PokerTest.php" line="280" assertions="2" time="0.000809"/>
        <testcase name="testStaging" class="PokerTest" classname="PokerTest" file="C:\Users\Karl\Dropbox\Skoluppgifter\Universitet\2025\Webbteknologier\mvc\report\tests\Card\PokerTest.php" line="297" assertions="2" time="0.000690"/>
      </testsuite>
      <testsuite name="App\Tests\Card\RulesTest" file="C:\Users\Karl\Dropbox\Skoluppgifter\Universitet\2025\Webbteknologier\mvc\report\tests\Card\RulesTest.php" tests="10" assertions="10" errors="0" warnings="0" failures="0" skipped="0" time="0.005287">
        <testcase name="testRoyalFlush" class="App\Tests\Card\RulesTest" classname="App.Tests.Card.RulesTest" file="C:\Users\Karl\Dropbox\Skoluppgifter\Universitet\2025\Webbteknologier\mvc\report\tests\Card\RulesTest.php" line="26" assertions="1" time="0.000503"/>
        <testcase name="testStraightFlush" class="App\Tests\Card\RulesTest" classname="App.Tests.Card.RulesTest" file="C:\Users\Karl\Dropbox\Skoluppgifter\Universitet\2025\Webbteknologier\mvc\report\tests\Card\RulesTest.php" line="40" assertions="1" time="0.000498"/>
        <testcase name="testFourOfAKind" class="App\Tests\Card\RulesTest" classname="App.Tests.Card.RulesTest" file="C:\Users\Karl\Dropbox\Skoluppgifter\Universitet\2025\Webbteknologier\mvc\report\tests\Card\RulesTest.php" line="54" assertions="1" time="0.000490"/>
        <testcase name="testFullHouse" class="App\Tests\Card\RulesTest" classname="App.Tests.Card.RulesTest" file="C:\Users\Karl\Dropbox\Skoluppgifter\Universitet\2025\Webbteknologier\mvc\report\tests\Card\RulesTest.php" line="68" assertions="1" time="0.000496"/>
        <testcase name="testFlush" class="App\Tests\Card\RulesTest" classname="App.Tests.Card.RulesTest" file="C:\Users\Karl\Dropbox\Skoluppgifter\Universitet\2025\Webbteknologier\mvc\report\tests\Card\RulesTest.php" line="82" assertions="1" time="0.000491"/>
        <testcase name="testStraight" class="App\Tests\Card\RulesTest" classname="App.Tests.Card.RulesTest" file="C:\Users\Karl\Dropbox\Skoluppgifter\Universitet\2025\Webbteknologier\mvc\report\tests\Card\RulesTest.php" line="96" assertions="1" time="0.000499"/>
        <testcase name="testThreeOfAKind" class="App\Tests\Card\RulesTest" classname="App.Tests.Card.RulesTest" file="C:\Users\Karl\Dropbox\Skoluppgifter\Universitet\2025\Webbteknologier\mvc\report\tests\Card\RulesTest.php" line="110" assertions="1" time="0.000507"/>
        <testcase name="testTwoPair" class="App\Tests\Card\RulesTest" classname="App.Tests.Card.RulesTest" file="C:\Users\Karl\Dropbox\Skoluppgifter\Universitet\2025\Webbteknologier\mvc\report\tests\Card\RulesTest.php" line="124" assertions="1" time="0.000511"/>
        <testcase name="testOnePair" class="App\Tests\Card\RulesTest" classname="App.Tests.Card.RulesTest" file="C:\Users\Karl\Dropbox\Skoluppgifter\Universitet\2025\Webbteknologier\mvc\report\tests\Card\RulesTest.php" line="138" assertions="1" time="0.000514"/>
        <testcase name="testHighCard" class="App\Tests\Card\RulesTest" classname="App.Tests.Card.RulesTest" file="C:\Users\Karl\Dropbox\Skoluppgifter\Universitet\2025\Webbteknologier\mvc\report\tests\Card\RulesTest.php" line="152" assertions="1" time="0.000777"/>
      </testsuite>
      <testsuite name="App\Tests\Card\TwentyOneTest" file="C:\Users\Karl\Dropbox\Skoluppgifter\Universitet\2025\Webbteknologier\mvc\report\tests\Card\TwentyOneTest.php" tests="14" assertions="23" errors="0" warnings="0" failures="0" skipped="0" time="0.012377">
        <testcase name="testLastPlayerEndsGame" class="App\Tests\Card\TwentyOneTest" classname="App.Tests.Card.TwentyOneTest" file="C:\Users\Karl\Dropbox\Skoluppgifter\Universitet\2025\Webbteknologier\mvc\report\tests\Card\TwentyOneTest.php" line="16" assertions="1" time="0.002341"/>
        <testcase name="testPlayerDrawCardUntilFolded" class="App\Tests\Card\TwentyOneTest" classname="App.Tests.Card.TwentyOneTest" file="C:\Users\Karl\Dropbox\Skoluppgifter\Universitet\2025\Webbteknologier\mvc\report\tests\Card\TwentyOneTest.php" line="32" assertions="3" time="0.001080"/>
        <testcase name="testGetDeck" class="App\Tests\Card\TwentyOneTest" classname="App.Tests.Card.TwentyOneTest" file="C:\Users\Karl\Dropbox\Skoluppgifter\Universitet\2025\Webbteknologier\mvc\report\tests\Card\TwentyOneTest.php" line="60" assertions="1" time="0.000699"/>
        <testcase name="testAddAndGetPlayers" class="App\Tests\Card\TwentyOneTest" classname="App.Tests.Card.TwentyOneTest" file="C:\Users\Karl\Dropbox\Skoluppgifter\Universitet\2025\Webbteknologier\mvc\report\tests\Card\TwentyOneTest.php" line="67" assertions="3" time="0.000776"/>
        <testcase name="testSetAndGetCurrentPlayer" class="App\Tests\Card\TwentyOneTest" classname="App.Tests.Card.TwentyOneTest" file="C:\Users\Karl\Dropbox\Skoluppgifter\Universitet\2025\Webbteknologier\mvc\report\tests\Card\TwentyOneTest.php" line="83" assertions="2" time="0.000752"/>
        <testcase name="testGetLastPlayer" class="App\Tests\Card\TwentyOneTest" classname="App.Tests.Card.TwentyOneTest" file="C:\Users\Karl\Dropbox\Skoluppgifter\Universitet\2025\Webbteknologier\mvc\report\tests\Card\TwentyOneTest.php" line="98" assertions="1" time="0.000731"/>
        <testcase name="testNextPlayerSwitchesActivePlayer" class="App\Tests\Card\TwentyOneTest" classname="App.Tests.Card.TwentyOneTest" file="C:\Users\Karl\Dropbox\Skoluppgifter\Universitet\2025\Webbteknologier\mvc\report\tests\Card\TwentyOneTest.php" line="110" assertions="2" time="0.000755"/>
        <testcase name="testDrawAddsCardToPlayer" class="App\Tests\Card\TwentyOneTest" classname="App.Tests.Card.TwentyOneTest" file="C:\Users\Karl\Dropbox\Skoluppgifter\Universitet\2025\Webbteknologier\mvc\report\tests\Card\TwentyOneTest.php" line="126" assertions="2" time="0.000763"/>
        <testcase name="testDrawWithHoldingOrFoldedReturnsFalse" class="App\Tests\Card\TwentyOneTest" classname="App.Tests.Card.TwentyOneTest" file="C:\Users\Karl\Dropbox\Skoluppgifter\Universitet\2025\Webbteknologier\mvc\report\tests\Card\TwentyOneTest.php" line="138" assertions="2" time="0.000735"/>
        <testcase name="testEndGameSetsFlag" class="App\Tests\Card\TwentyOneTest" classname="App.Tests.Card.TwentyOneTest" file="C:\Users\Karl\Dropbox\Skoluppgifter\Universitet\2025\Webbteknologier\mvc\report\tests\Card\TwentyOneTest.php" line="153" assertions="2" time="0.000711"/>
        <testcase name="testGetWinnerReturnsNullBeforeGameEnds" class="App\Tests\Card\TwentyOneTest" classname="App.Tests.Card.TwentyOneTest" file="C:\Users\Karl\Dropbox\Skoluppgifter\Universitet\2025\Webbteknologier\mvc\report\tests\Card\TwentyOneTest.php" line="162" assertions="1" time="0.000696"/>
        <testcase name="testGetWinnerReturnsHighestScorePlayer" class="App\Tests\Card\TwentyOneTest" classname="App.Tests.Card.TwentyOneTest" file="C:\Users\Karl\Dropbox\Skoluppgifter\Universitet\2025\Webbteknologier\mvc\report\tests\Card\TwentyOneTest.php" line="168" assertions="1" time="0.000788"/>
        <testcase name="testGetWinnerReturnsLastPlayerOnDraw" class="App\Tests\Card\TwentyOneTest" classname="App.Tests.Card.TwentyOneTest" file="C:\Users\Karl\Dropbox\Skoluppgifter\Universitet\2025\Webbteknologier\mvc\report\tests\Card\TwentyOneTest.php" line="189" assertions="1" time="0.000803"/>
        <testcase name="testGetWinnerReturnsNullIfAllFolded" class="App\Tests\Card\TwentyOneTest" classname="App.Tests.Card.TwentyOneTest" file="C:\Users\Karl\Dropbox\Skoluppgifter\Universitet\2025\Webbteknologier\mvc\report\tests\Card\TwentyOneTest.php" line="207" assertions="1" time="0.000746"/>
      </testsuite>
    </testsuite>
  </testsuite>
</testsuites>
