<?xml version="1.0" encoding="UTF-8"?>
<testsuites>
  <testsuite name="" tests="38" assertions="98" errors="0" warnings="0" failures="0" skipped="0" time="0.048586">
    <testsuite name="Project Test Suite" tests="38" assertions="98" errors="0" warnings="0" failures="0" skipped="0" time="0.048586">
      <testsuite name="App\Tests\Card\CardGraphicTest" file="C:\Users\Karl\Dropbox\Skoluppgifter\Universitet\2025\Webbteknologier\mvc\report\tests\Card\CardGraphicTest.php" tests="4" assertions="14" errors="0" warnings="0" failures="0" skipped="0" time="0.015640">
        <testcase name="testGetAsStringReturnsCorrectUnicodeSymbol" class="App\Tests\Card\CardGraphicTest" classname="App.Tests.Card.CardGraphicTest" file="C:\Users\Karl\Dropbox\Skoluppgifter\Universitet\2025\Webbteknologier\mvc\report\tests\Card\CardGraphicTest.php" line="13" assertions="4" time="0.013317"/>
        <testcase name="testGetAsStringHandlesInvalidCardGracefully" class="App\Tests\Card\CardGraphicTest" classname="App.Tests.Card.CardGraphicTest" file="C:\Users\Karl\Dropbox\Skoluppgifter\Universitet\2025\Webbteknologier\mvc\report\tests\Card\CardGraphicTest.php" line="28" assertions="2" time="0.000533"/>
        <testcase name="testGetColorReturnsCorrectColor" class="App\Tests\Card\CardGraphicTest" classname="App.Tests.Card.CardGraphicTest" file="C:\Users\Karl\Dropbox\Skoluppgifter\Universitet\2025\Webbteknologier\mvc\report\tests\Card\CardGraphicTest.php" line="37" assertions="4" time="0.000468"/>
        <testcase name="testJsonSerializeReturnsExpectedStructure" class="App\Tests\Card\CardGraphicTest" classname="App.Tests.Card.CardGraphicTest" file="C:\Users\Karl\Dropbox\Skoluppgifter\Universitet\2025\Webbteknologier\mvc\report\tests\Card\CardGraphicTest.php" line="45" assertions="4" time="0.001321"/>
      </testsuite>
      <testsuite name="App\Tests\Card\CardTest" file="C:\Users\Karl\Dropbox\Skoluppgifter\Universitet\2025\Webbteknologier\mvc\report\tests\Card\CardTest.php" tests="4" assertions="4" errors="0" warnings="0" failures="0" skipped="0" time="0.002309">
        <testcase name="testCreateCard" class="App\Tests\Card\CardTest" classname="App.Tests.Card.CardTest" file="C:\Users\Karl\Dropbox\Skoluppgifter\Universitet\2025\Webbteknologier\mvc\report\tests\Card\CardTest.php" line="13" assertions="1" time="0.001141"/>
        <testcase name="testGetSuit" class="App\Tests\Card\CardTest" classname="App.Tests.Card.CardTest" file="C:\Users\Karl\Dropbox\Skoluppgifter\Universitet\2025\Webbteknologier\mvc\report\tests\Card\CardTest.php" line="19" assertions="1" time="0.000394"/>
        <testcase name="testGetValue" class="App\Tests\Card\CardTest" classname="App.Tests.Card.CardTest" file="C:\Users\Karl\Dropbox\Skoluppgifter\Universitet\2025\Webbteknologier\mvc\report\tests\Card\CardTest.php" line="25" assertions="1" time="0.000385"/>
        <testcase name="testGetAsString" class="App\Tests\Card\CardTest" classname="App.Tests.Card.CardTest" file="C:\Users\Karl\Dropbox\Skoluppgifter\Universitet\2025\Webbteknologier\mvc\report\tests\Card\CardTest.php" line="31" assertions="1" time="0.000388"/>
      </testsuite>
      <testsuite name="App\Tests\Card\DeckTest" file="C:\Users\Karl\Dropbox\Skoluppgifter\Universitet\2025\Webbteknologier\mvc\report\tests\Card\DeckTest.php" tests="8" assertions="41" errors="0" warnings="0" failures="0" skipped="0" time="0.008948">
        <testcase name="testDefaultDeckHas52Cards" class="App\Tests\Card\DeckTest" classname="App.Tests.Card.DeckTest" file="C:\Users\Karl\Dropbox\Skoluppgifter\Universitet\2025\Webbteknologier\mvc\report\tests\Card\DeckTest.php" line="15" assertions="2" time="0.002567"/>
        <testcase name="testGraphicDeckHasCardGraphicObjects" class="App\Tests\Card\DeckTest" classname="App.Tests.Card.DeckTest" file="C:\Users\Karl\Dropbox\Skoluppgifter\Universitet\2025\Webbteknologier\mvc\report\tests\Card\DeckTest.php" line="24" assertions="2" time="0.000780"/>
        <testcase name="testPreloadedDeckUsesExactCards" class="App\Tests\Card\DeckTest" classname="App.Tests.Card.DeckTest" file="C:\Users\Karl\Dropbox\Skoluppgifter\Universitet\2025\Webbteknologier\mvc\report\tests\Card\DeckTest.php" line="33" assertions="5" time="0.000451"/>
        <testcase name="testGetCardsBySuitReturnsOnlyThatSuit" class="App\Tests\Card\DeckTest" classname="App.Tests.Card.DeckTest" file="C:\Users\Karl\Dropbox\Skoluppgifter\Universitet\2025\Webbteknologier\mvc\report\tests\Card\DeckTest.php" line="50" assertions="14" time="0.000832"/>
        <testcase name="testSortedCardsBySuitAreSortedByValue" class="App\Tests\Card\DeckTest" classname="App.Tests.Card.DeckTest" file="C:\Users\Karl\Dropbox\Skoluppgifter\Universitet\2025\Webbteknologier\mvc\report\tests\Card\DeckTest.php" line="62" assertions="14" time="0.000957"/>
        <testcase name="testShuffleChangesOrder" class="App\Tests\Card\DeckTest" classname="App.Tests.Card.DeckTest" file="C:\Users\Karl\Dropbox\Skoluppgifter\Universitet\2025\Webbteknologier\mvc\report\tests\Card\DeckTest.php" line="74" assertions="1" time="0.001462"/>
        <testcase name="testDrawRemovesOneCard" class="App\Tests\Card\DeckTest" classname="App.Tests.Card.DeckTest" file="C:\Users\Karl\Dropbox\Skoluppgifter\Universitet\2025\Webbteknologier\mvc\report\tests\Card\DeckTest.php" line="96" assertions="2" time="0.000609"/>
        <testcase name="testDrawReturnsNullWhenEmpty" class="App\Tests\Card\DeckTest" classname="App.Tests.Card.DeckTest" file="C:\Users\Karl\Dropbox\Skoluppgifter\Universitet\2025\Webbteknologier\mvc\report\tests\Card\DeckTest.php" line="107" assertions="1" time="0.001289"/>
      </testsuite>
      <testsuite name="App\Tests\Card\HandTest" file="C:\Users\Karl\Dropbox\Skoluppgifter\Universitet\2025\Webbteknologier\mvc\report\tests\Card\HandTest.php" tests="4" assertions="7" errors="0" warnings="0" failures="0" skipped="0" time="0.003240">
        <testcase name="testAddCardStoresCardInHand" class="App\Tests\Card\HandTest" classname="App.Tests.Card.HandTest" file="C:\Users\Karl\Dropbox\Skoluppgifter\Universitet\2025\Webbteknologier\mvc\report\tests\Card\HandTest.php" line="14" assertions="2" time="0.001755"/>
        <testcase name="testGetCardsReturnsAllCards" class="App\Tests\Card\HandTest" classname="App.Tests.Card.HandTest" file="C:\Users\Karl\Dropbox\Skoluppgifter\Universitet\2025\Webbteknologier\mvc\report\tests\Card\HandTest.php" line="26" assertions="3" time="0.000532"/>
        <testcase name="testGetValueReturnsTotalSum" class="App\Tests\Card\HandTest" classname="App.Tests.Card.HandTest" file="C:\Users\Karl\Dropbox\Skoluppgifter\Universitet\2025\Webbteknologier\mvc\report\tests\Card\HandTest.php" line="42" assertions="1" time="0.000452"/>
        <testcase name="testGetValueIsZeroWhenEmpty" class="App\Tests\Card\HandTest" classname="App.Tests.Card.HandTest" file="C:\Users\Karl\Dropbox\Skoluppgifter\Universitet\2025\Webbteknologier\mvc\report\tests\Card\HandTest.php" line="53" assertions="1" time="0.000500"/>
      </testsuite>
      <testsuite name="App\Tests\Card\PlayerTest" file="C:\Users\Karl\Dropbox\Skoluppgifter\Universitet\2025\Webbteknologier\mvc\report\tests\Card\PlayerTest.php" tests="6" assertions="12" errors="0" warnings="0" failures="0" skipped="0" time="0.004542">
        <testcase name="testConstructorSetsNameAndCreatesHand" class="App\Tests\Card\PlayerTest" classname="App.Tests.Card.PlayerTest" file="C:\Users\Karl\Dropbox\Skoluppgifter\Universitet\2025\Webbteknologier\mvc\report\tests\Card\PlayerTest.php" line="15" assertions="2" time="0.001807"/>
        <testcase name="testAddCardAddsCardToPlayersHand" class="App\Tests\Card\PlayerTest" classname="App.Tests.Card.PlayerTest" file="C:\Users\Karl\Dropbox\Skoluppgifter\Universitet\2025\Webbteknologier\mvc\report\tests\Card\PlayerTest.php" line="23" assertions="2" time="0.000479"/>
        <testcase name="testGetScoreReturnsSumOfCardValues" class="App\Tests\Card\PlayerTest" classname="App.Tests.Card.PlayerTest" file="C:\Users\Karl\Dropbox\Skoluppgifter\Universitet\2025\Webbteknologier\mvc\report\tests\Card\PlayerTest.php" line="35" assertions="1" time="0.000452"/>
        <testcase name="testFoldSetsFoldedTrue" class="App\Tests\Card\PlayerTest" classname="App.Tests.Card.PlayerTest" file="C:\Users\Karl\Dropbox\Skoluppgifter\Universitet\2025\Webbteknologier\mvc\report\tests\Card\PlayerTest.php" line="45" assertions="2" time="0.000976"/>
        <testcase name="testHoldSetsHoldingTrue" class="App\Tests\Card\PlayerTest" classname="App.Tests.Card.PlayerTest" file="C:\Users\Karl\Dropbox\Skoluppgifter\Universitet\2025\Webbteknologier\mvc\report\tests\Card\PlayerTest.php" line="54" assertions="2" time="0.000409"/>
        <testcase name="testSetActiveAndInactiveTogglesStatus" class="App\Tests\Card\PlayerTest" classname="App.Tests.Card.PlayerTest" file="C:\Users\Karl\Dropbox\Skoluppgifter\Universitet\2025\Webbteknologier\mvc\report\tests\Card\PlayerTest.php" line="63" assertions="3" time="0.000419"/>
      </testsuite>
      <testsuite name="App\Tests\Card\TwentyOneTest" file="C:\Users\Karl\Dropbox\Skoluppgifter\Universitet\2025\Webbteknologier\mvc\report\tests\Card\TwentyOneTest.php" tests="11" assertions="18" errors="0" warnings="0" failures="0" skipped="0" time="0.010017">
        <testcase name="testAddAndGetPlayers" class="App\Tests\Card\TwentyOneTest" classname="App.Tests.Card.TwentyOneTest" file="C:\Users\Karl\Dropbox\Skoluppgifter\Universitet\2025\Webbteknologier\mvc\report\tests\Card\TwentyOneTest.php" line="15" assertions="3" time="0.002393"/>
        <testcase name="testSetAndGetCurrentPlayer" class="App\Tests\Card\TwentyOneTest" classname="App.Tests.Card.TwentyOneTest" file="C:\Users\Karl\Dropbox\Skoluppgifter\Universitet\2025\Webbteknologier\mvc\report\tests\Card\TwentyOneTest.php" line="31" assertions="2" time="0.000839"/>
        <testcase name="testGetLastPlayer" class="App\Tests\Card\TwentyOneTest" classname="App.Tests.Card.TwentyOneTest" file="C:\Users\Karl\Dropbox\Skoluppgifter\Universitet\2025\Webbteknologier\mvc\report\tests\Card\TwentyOneTest.php" line="46" assertions="1" time="0.000701"/>
        <testcase name="testNextPlayerSwitchesActivePlayer" class="App\Tests\Card\TwentyOneTest" classname="App.Tests.Card.TwentyOneTest" file="C:\Users\Karl\Dropbox\Skoluppgifter\Universitet\2025\Webbteknologier\mvc\report\tests\Card\TwentyOneTest.php" line="58" assertions="2" time="0.000768"/>
        <testcase name="testDrawAddsCardToPlayer" class="App\Tests\Card\TwentyOneTest" classname="App.Tests.Card.TwentyOneTest" file="C:\Users\Karl\Dropbox\Skoluppgifter\Universitet\2025\Webbteknologier\mvc\report\tests\Card\TwentyOneTest.php" line="74" assertions="2" time="0.000810"/>
        <testcase name="testDrawWithHoldingOrFoldedReturnsFalse" class="App\Tests\Card\TwentyOneTest" classname="App.Tests.Card.TwentyOneTest" file="C:\Users\Karl\Dropbox\Skoluppgifter\Universitet\2025\Webbteknologier\mvc\report\tests\Card\TwentyOneTest.php" line="86" assertions="2" time="0.000747"/>
        <testcase name="testEndGameSetsFlag" class="App\Tests\Card\TwentyOneTest" classname="App.Tests.Card.TwentyOneTest" file="C:\Users\Karl\Dropbox\Skoluppgifter\Universitet\2025\Webbteknologier\mvc\report\tests\Card\TwentyOneTest.php" line="101" assertions="2" time="0.000714"/>
        <testcase name="testGetWinnerReturnsNullBeforeGameEnds" class="App\Tests\Card\TwentyOneTest" classname="App.Tests.Card.TwentyOneTest" file="C:\Users\Karl\Dropbox\Skoluppgifter\Universitet\2025\Webbteknologier\mvc\report\tests\Card\TwentyOneTest.php" line="110" assertions="1" time="0.000692"/>
        <testcase name="testGetWinnerReturnsHighestScorePlayer" class="App\Tests\Card\TwentyOneTest" classname="App.Tests.Card.TwentyOneTest" file="C:\Users\Karl\Dropbox\Skoluppgifter\Universitet\2025\Webbteknologier\mvc\report\tests\Card\TwentyOneTest.php" line="116" assertions="1" time="0.000799"/>
        <testcase name="testGetWinnerReturnsLastPlayerOnDraw" class="App\Tests\Card\TwentyOneTest" classname="App.Tests.Card.TwentyOneTest" file="C:\Users\Karl\Dropbox\Skoluppgifter\Universitet\2025\Webbteknologier\mvc\report\tests\Card\TwentyOneTest.php" line="137" assertions="1" time="0.000818"/>
        <testcase name="testGetWinnerReturnsNullIfAllFolded" class="App\Tests\Card\TwentyOneTest" classname="App.Tests.Card.TwentyOneTest" file="C:\Users\Karl\Dropbox\Skoluppgifter\Universitet\2025\Webbteknologier\mvc\report\tests\Card\TwentyOneTest.php" line="155" assertions="1" time="0.000736"/>
      </testsuite>
      <testsuite name="App\Dice\DiceTest" file="C:\Users\Karl\Dropbox\Skoluppgifter\Universitet\2025\Webbteknologier\mvc\report\tests\Dice\DiceTest.php" tests="1" assertions="2" errors="0" warnings="0" failures="0" skipped="0" time="0.003891">
        <testcase name="testCreateDice" class="App\Dice\DiceTest" classname="App.Dice.DiceTest" file="C:\Users\Karl\Dropbox\Skoluppgifter\Universitet\2025\Webbteknologier\mvc\report\tests\Dice\DiceTest.php" line="16" assertions="2" time="0.003891"/>
      </testsuite>
    </testsuite>
  </testsuite>
</testsuites>
